AMP_1 1 0.520000
AMP_2 1 0.500000
AMP_3 1 0.510000
AMP_4 0 0.450000
AMP_5 1 0.500000
AMP_6 0 0.480000
AMP_7 1 0.530000
AMP_8 1 0.540000
AMP_9 1 0.600000
AMP_10 0 0.460000
AMP_11 0 0.460000
AMP_12 0 0.450000
AMP_13 0 0.460000
AMP_14 1 0.500000
AMP_15 0 0.450000
AMP_16 0 0.440000
AMP_17 0 0.430000
AMP_18 0 0.470000
AMP_19 0 0.460000
AMP_20 0 0.470000
AMP_21 0 0.470000
AMP_22 1 0.520000
AMP_23 1 0.540000
AMP_24 1 0.660000
AMP_25 1 0.600000
AMP_26 1 0.600000
AMP_27 1 0.610000
AMP_28 1 0.600000
AMP_29 1 0.580000
AMP_30 1 0.550000
AMP_31 1 0.580000
AMP_32 0 0.490000
AMP_33 0 0.470000
AMP_34 0 0.490000
AMP_35 0 0.490000
AMP_36 0 0.490000
AMP_37 0 0.490000
AMP_38 0 0.490000
AMP_39 0 0.490000
AMP_40 1 0.540000
AMP_41 1 0.570000
AMP_42 1 0.550000
AMP_43 1 0.580000
AMP_44 0 0.490000
AMP_45 1 0.550000
AMP_46 0 0.370000
AMP_47 1 0.580000
AMP_48 1 0.500000
AMP_49 0 0.420000
AMP_50 0 0.430000
AMP_51 1 0.600000
AMP_52 0 0.490000
AMP_53 0 0.460000
AMP_54 0 0.490000
AMP_55 0 0.490000
AMP_56 0 0.450000
AMP_57 0 0.470000
AMP_58 1 0.500000
AMP_59 1 0.560000
AMP_60 0 0.460000
AMP_61 1 0.530000
AMP_62 0 0.470000
AMP_63 0 0.470000
AMP_64 0 0.470000
AMP_65 0 0.390000
AMP_66 1 0.500000
AMP_67 1 0.560000
AMP_68 1 0.560000
AMP_69 1 0.580000
AMP_70 1 0.540000
AMP_71 1 0.510000
AMP_72 0 0.450000
AMP_73 1 0.540000
AMP_74 1 0.510000
AMP_75 0 0.440000
AMP_76 0 0.450000
AMP_77 0 0.440000
AMP_78 0 0.430000
AMP_79 0 0.440000
AMP_80 1 0.520000
AMP_81 1 0.550000
AMP_82 1 0.530000
AMP_83 1 0.510000
AMP_84 1 0.580000
AMP_85 1 0.560000
AMP_86 0 0.460000
AMP_87 0 0.470000
AMP_88 1 0.570000
AMP_89 0 0.490000
AMP_90 1 0.570000
AMP_91 1 0.560000
AMP_92 0 0.380000
AMP_93 1 0.500000
AMP_94 0 0.470000
AMP_95 1 0.560000
AMP_96 1 0.550000
AMP_97 1 0.550000
AMP_98 1 0.560000
AMP_99 0 0.480000
AMP_100 0 0.410000
AMP_101 1 0.540000
AMP_102 0 0.450000
AMP_103 1 0.620000
AMP_104 1 0.560000
AMP_105 1 0.560000
AMP_106 1 0.560000
AMP_107 0 0.450000
AMP_108 0 0.460000
AMP_109 1 0.540000
AMP_110 1 0.590000
AMP_111 1 0.610000
AMP_112 1 0.670000
AMP_113 1 0.600000
AMP_114 1 0.580000
AMP_115 1 0.570000
AMP_116 1 0.560000
AMP_117 1 0.610000
AMP_118 1 0.590000
AMP_119 1 0.570000
AMP_120 1 0.580000
AMP_121 1 0.560000
AMP_122 1 0.510000
AMP_123 0 0.470000
AMP_124 1 0.750000
AMP_125 1 0.730000
AMP_126 1 0.590000
AMP_127 0 0.490000
AMP_128 1 0.540000
AMP_129 1 0.560000
AMP_130 0 0.490000
AMP_131 0 0.460000
AMP_132 1 0.520000
AMP_133 1 0.540000
AMP_134 0 0.460000
AMP_135 1 0.610000
AMP_136 1 0.540000
AMP_137 0 0.480000
AMP_138 1 0.510000
AMP_139 1 0.560000
AMP_140 1 0.530000
AMP_141 1 0.550000
AMP_142 0 0.410000
AMP_143 0 0.410000
AMP_144 1 0.540000
AMP_145 1 0.520000
AMP_146 1 0.540000
AMP_147 1 0.510000
AMP_148 1 0.530000
AMP_149 0 0.490000
AMP_150 1 0.560000
AMP_151 1 0.570000
AMP_152 1 0.520000
AMP_153 1 0.530000
AMP_154 1 0.540000
AMP_155 1 0.560000
AMP_156 1 0.580000
AMP_157 1 0.560000
AMP_158 0 0.480000
AMP_159 0 0.490000
AMP_160 1 0.560000
AMP_161 1 0.530000
AMP_162 1 0.620000
AMP_163 0 0.480000
AMP_164 0 0.460000
AMP_165 0 0.490000
AMP_166 1 0.530000
AMP_167 1 0.560000
AMP_168 0 0.450000
AMP_169 0 0.490000
AMP_170 0 0.480000
AMP_171 1 0.520000
AMP_172 1 0.550000
AMP_173 0 0.480000
AMP_174 1 0.530000
AMP_175 0 0.460000
AMP_176 0 0.460000
AMP_177 0 0.480000
AMP_178 0 0.490000
AMP_179 0 0.420000
AMP_180 0 0.420000
AMP_181 0 0.430000
AMP_182 0 0.430000
AMP_183 0 0.430000
AMP_184 0 0.420000
AMP_185 1 0.510000
AMP_186 1 0.530000
AMP_187 1 0.540000
AMP_188 1 0.600000
AMP_189 1 0.510000
AMP_190 1 0.500000
AMP_191 1 0.500000
AMP_192 0 0.490000
AMP_193 0 0.470000
AMP_194 1 0.580000
AMP_195 1 0.570000
AMP_196 1 0.640000
AMP_197 1 0.510000
AMP_198 1 0.510000
AMP_199 1 0.590000
AMP_200 1 0.520000
AMP_201 1 0.540000
AMP_202 0 0.470000
AMP_203 1 0.540000
AMP_204 0 0.430000
AMP_205 0 0.490000
AMP_206 0 0.470000
AMP_207 0 0.430000
AMP_208 1 0.550000
AMP_209 0 0.470000
AMP_210 1 0.520000
AMP_211 1 0.540000
AMP_212 0 0.460000
AMP_213 0 0.470000
AMP_214 0 0.390000
AMP_215 0 0.470000
AMP_216 1 0.510000
AMP_217 1 0.510000
AMP_218 0 0.420000
AMP_219 0 0.460000
AMP_220 1 0.530000
AMP_221 1 0.570000
AMP_222 1 0.530000
AMP_223 1 0.530000
AMP_224 1 0.540000
AMP_225 1 0.560000
AMP_226 1 0.570000
AMP_227 1 0.510000
AMP_228 1 0.550000
AMP_229 1 0.550000
AMP_230 0 0.450000
AMP_231 1 0.570000
AMP_232 1 0.560000
AMP_233 1 0.510000
AMP_234 1 0.500000
AMP_235 1 0.530000
AMP_236 1 0.500000
AMP_237 1 0.510000
AMP_238 1 0.600000
AMP_239 0 0.390000
AMP_240 1 0.580000
AMP_241 1 0.580000
AMP_242 0 0.440000
AMP_243 0 0.480000
AMP_244 1 0.570000
AMP_245 1 0.600000
AMP_246 1 0.600000
AMP_247 1 0.510000
AMP_248 1 0.510000
AMP_249 0 0.470000
AMP_250 1 0.670000
AMP_251 0 0.460000
AMP_252 0 0.430000
AMP_253 0 0.450000
AMP_254 0 0.480000
AMP_255 1 0.520000
AMP_256 0 0.480000
AMP_257 0 0.480000
AMP_258 1 0.610000
AMP_259 1 0.520000
AMP_260 1 0.530000
AMP_261 1 0.550000
AMP_262 1 0.530000
AMP_263 1 0.510000
AMP_264 1 0.530000
AMP_265 0 0.480000
AMP_266 0 0.470000
AMP_267 1 0.610000
AMP_268 0 0.480000
AMP_269 1 0.510000
AMP_270 0 0.440000
AMP_271 1 0.900000
AMP_272 1 0.500000
AMP_273 1 0.500000
AMP_274 0 0.490000
AMP_275 1 0.500000
AMP_276 1 0.530000
AMP_277 1 0.510000
AMP_278 0 0.410000
AMP_279 1 0.550000
AMP_280 1 0.500000
AMP_281 1 0.520000
AMP_282 1 0.510000
AMP_283 1 0.500000
AMP_284 1 0.570000
AMP_285 1 0.510000
AMP_286 1 0.520000
AMP_287 1 0.520000
AMP_288 0 0.480000
AMP_289 0 0.490000
AMP_290 0 0.470000
AMP_291 0 0.490000
AMP_292 0 0.440000
AMP_293 0 0.450000
AMP_294 0 0.480000
AMP_295 1 0.520000
AMP_296 0 0.400000
AMP_297 1 0.540000
AMP_298 0 0.460000
AMP_299 0 0.470000
AMP_300 0 0.450000
AMP_301 1 0.560000
AMP_302 1 0.550000
AMP_303 1 0.560000
AMP_304 1 0.560000
AMP_305 1 0.560000
AMP_306 0 0.440000
AMP_307 0 0.480000
AMP_308 0 0.450000
AMP_309 1 0.520000
AMP_310 0 0.470000
AMP_311 1 0.510000
AMP_312 1 0.510000
AMP_313 0 0.480000
AMP_314 1 0.520000
AMP_315 1 0.530000
AMP_316 1 0.530000
AMP_317 1 0.530000
AMP_318 1 0.530000
AMP_319 1 0.550000
AMP_320 1 0.550000
AMP_321 1 0.540000
AMP_322 0 0.490000
AMP_323 1 0.500000
AMP_324 1 0.550000
AMP_325 1 0.530000
AMP_326 0 0.490000
AMP_327 1 0.520000
AMP_328 1 0.520000
AMP_329 1 0.530000
AMP_330 0 0.470000
AMP_331 0 0.460000
AMP_332 0 0.490000
AMP_333 0 0.470000
AMP_334 1 0.540000
AMP_335 0 0.470000
AMP_336 0 0.450000
AMP_337 1 0.500000
AMP_338 1 0.530000
AMP_339 1 0.530000
AMP_340 0 0.460000
AMP_341 1 0.530000
AMP_342 1 0.540000
AMP_343 1 0.520000
AMP_344 1 0.500000
AMP_345 1 0.500000
AMP_346 1 0.520000
AMP_347 0 0.470000
AMP_348 1 0.500000
AMP_349 1 0.520000
AMP_350 1 0.510000
AMP_351 0 0.440000
AMP_352 0 0.470000
AMP_353 1 0.560000
AMP_354 1 0.540000
AMP_355 0 0.490000
AMP_356 0 0.440000
AMP_357 0 0.400000
AMP_358 1 0.610000
AMP_359 1 0.550000
AMP_360 1 0.520000
AMP_361 1 0.560000
AMP_362 1 0.560000
AMP_363 1 0.570000
AMP_364 1 0.520000
AMP_365 1 0.520000
AMP_366 1 0.560000
AMP_367 1 0.560000
AMP_368 0 0.450000
AMP_369 0 0.450000
AMP_370 0 0.400000
AMP_371 1 0.520000
AMP_372 0 0.490000
AMP_373 0 0.480000
AMP_374 0 0.460000
AMP_375 1 0.510000
AMP_376 0 0.470000
AMP_377 0 0.470000
AMP_378 1 0.500000
AMP_379 1 0.510000
AMP_380 1 0.560000
AMP_381 0 0.490000
AMP_382 1 0.540000
AMP_383 0 0.490000
AMP_384 1 0.550000
AMP_385 1 0.540000
AMP_386 1 0.540000
AMP_387 1 0.540000
AMP_388 0 0.490000
AMP_389 1 0.530000
AMP_390 1 0.500000
AMP_391 0 0.400000
AMP_392 1 0.500000
AMP_393 1 0.540000
AMP_394 0 0.410000
AMP_395 1 0.560000
AMP_396 0 0.440000
AMP_397 1 0.640000
AMP_398 1 0.640000
AMP_399 1 0.560000
AMP_400 1 0.600000
AMP_401 1 0.510000
AMP_402 1 0.520000
AMP_403 1 0.560000
AMP_404 0 0.460000
AMP_405 1 0.560000
AMP_406 1 0.520000
AMP_407 1 0.540000
AMP_408 1 0.520000
AMP_409 0 0.460000
AMP_410 1 0.500000
AMP_411 0 0.490000
AMP_412 1 0.510000
AMP_413 1 0.590000
AMP_414 1 0.520000
AMP_415 0 0.460000
AMP_416 1 0.550000
AMP_417 0 0.490000
AMP_418 1 0.500000
AMP_419 1 0.500000
AMP_420 1 0.520000
AMP_421 0 0.490000
AMP_422 1 0.540000
AMP_423 0 0.470000
AMP_424 0 0.450000
AMP_425 0 0.440000
AMP_426 0 0.480000
AMP_427 1 0.540000
AMP_428 1 0.590000
AMP_429 0 0.440000
AMP_430 1 0.510000
AMP_431 0 0.490000
AMP_432 0 0.470000
AMP_433 0 0.470000
AMP_434 0 0.490000
AMP_435 0 0.480000
AMP_436 0 0.410000
AMP_437 0 0.410000
AMP_438 1 0.500000
AMP_439 1 0.510000
AMP_440 1 0.570000
AMP_441 1 0.530000
AMP_442 0 0.430000
AMP_443 0 0.440000
AMP_444 0 0.480000
AMP_445 0 0.480000
AMP_446 1 0.550000
AMP_447 1 0.550000
AMP_448 0 0.490000
AMP_449 0 0.490000
AMP_450 1 0.510000
AMP_451 0 0.450000
AMP_452 0 0.490000
AMP_453 0 0.380000
AMP_454 0 0.460000
AMP_455 0 0.460000
AMP_456 0 0.450000
AMP_457 0 0.450000
AMP_458 0 0.480000
AMP_459 0 0.480000
AMP_460 0 0.340000
AMP_461 0 0.400000
AMP_462 0 0.360000
AMP_463 0 0.490000
AMP_464 0 0.400000
AMP_465 0 0.480000
AMP_466 1 0.500000
AMP_467 0 0.390000
AMP_468 0 0.440000
AMP_469 0 0.450000
AMP_470 0 0.440000
AMP_471 0 0.390000
AMP_472 0 0.430000
AMP_473 0 0.470000
AMP_474 0 0.480000
AMP_475 1 0.520000
AMP_476 1 0.550000
AMP_477 1 0.510000
AMP_478 0 0.450000
AMP_479 0 0.410000
AMP_480 0 0.460000
AMP_481 0 0.470000
AMP_482 0 0.400000
AMP_483 0 0.390000
AMP_484 0 0.440000
AMP_485 0 0.450000
AMP_486 0 0.440000
AMP_487 1 0.560000
AMP_488 0 0.440000
AMP_489 1 0.520000
AMP_490 1 0.530000
AMP_491 0 0.420000
AMP_492 0 0.460000
AMP_493 0 0.460000
AMP_494 0 0.460000
AMP_495 0 0.480000
AMP_496 1 0.520000
AMP_497 0 0.490000
AMP_498 0 0.480000
AMP_499 1 0.520000
AMP_500 0 0.450000
AMP_501 1 0.540000
AMP_502 1 0.500000
AMP_503 0 0.420000
AMP_504 0 0.410000
AMP_505 0 0.480000
AMP_506 0 0.440000
AMP_507 0 0.470000
AMP_508 1 0.510000
AMP_509 1 0.590000
AMP_510 1 0.500000
AMP_511 0 0.440000
AMP_512 0 0.440000
AMP_513 0 0.460000
AMP_514 0 0.450000
AMP_515 0 0.460000
AMP_516 0 0.450000
AMP_517 0 0.440000
AMP_518 0 0.470000
AMP_519 0 0.480000
AMP_520 1 0.550000
AMP_521 1 0.580000
AMP_522 1 0.600000
AMP_523 1 0.500000
AMP_524 1 0.580000
AMP_525 1 0.550000
AMP_526 1 0.500000
AMP_527 1 0.580000
AMP_528 0 0.480000
AMP_529 0 0.470000
AMP_530 0 0.450000
AMP_531 0 0.460000
AMP_532 0 0.410000
AMP_533 0 0.480000
AMP_534 1 0.500000
AMP_535 0 0.400000
AMP_536 1 0.500000
AMP_537 0 0.460000
AMP_538 0 0.420000
AMP_539 0 0.430000
AMP_540 0 0.440000
AMP_541 0 0.420000
AMP_542 0 0.470000
AMP_543 0 0.490000
AMP_544 1 0.510000
AMP_545 0 0.480000
AMP_546 0 0.480000
AMP_547 0 0.480000
AMP_548 1 0.510000
AMP_549 0 0.460000
AMP_550 0 0.420000
AMP_551 0 0.470000
AMP_552 0 0.480000
AMP_553 1 0.500000
AMP_554 1 0.510000
AMP_555 1 0.510000
AMP_556 1 0.520000
AMP_557 0 0.440000
AMP_558 1 0.520000
AMP_559 0 0.470000
AMP_560 0 0.440000
AMP_561 0 0.480000
AMP_562 1 0.550000
AMP_563 0 0.430000
AMP_564 0 0.450000
AMP_565 0 0.440000
AMP_566 1 0.510000
AMP_567 1 0.520000
AMP_568 0 0.470000
AMP_569 1 0.500000
AMP_570 1 0.560000
AMP_571 0 0.450000
AMP_572 1 0.520000
AMP_573 0 0.390000
AMP_574 1 0.560000
AMP_575 0 0.430000
AMP_576 0 0.470000
AMP_577 1 0.500000
AMP_578 0 0.460000
AMP_579 0 0.430000
AMP_580 0 0.460000
AMP_581 0 0.450000
AMP_582 1 0.520000
AMP_583 0 0.490000
AMP_584 1 0.530000
AMP_585 0 0.380000
AMP_586 0 0.470000
AMP_587 0 0.460000
AMP_588 0 0.480000
AMP_589 0 0.470000
AMP_590 0 0.480000
AMP_591 0 0.490000
AMP_592 1 0.530000
AMP_593 0 0.380000
AMP_594 0 0.420000
AMP_595 0 0.420000
AMP_596 0 0.420000
AMP_597 1 0.540000
AMP_598 1 0.520000
AMP_599 0 0.470000
AMP_600 0 0.440000
AMP_601 0 0.480000
AMP_602 1 0.540000
AMP_603 0 0.490000
AMP_604 0 0.480000
AMP_605 0 0.420000
AMP_606 0 0.470000
AMP_607 0 0.460000
AMP_608 0 0.480000
AMP_609 1 0.500000
AMP_610 0 0.480000
AMP_611 1 0.500000
AMP_612 0 0.490000
AMP_613 0 0.470000
AMP_614 0 0.490000
AMP_615 1 0.500000
AMP_616 1 0.500000
AMP_617 1 0.520000
AMP_618 1 0.520000
AMP_619 1 0.520000
AMP_620 1 0.580000
AMP_621 0 0.470000
AMP_622 0 0.460000
AMP_623 0 0.460000
AMP_624 0 0.480000
AMP_625 0 0.460000
AMP_626 0 0.460000
AMP_627 0 0.490000
AMP_628 1 0.510000
AMP_629 1 0.520000
AMP_630 0 0.480000
AMP_631 0 0.390000
AMP_632 1 0.520000
AMP_633 1 0.530000
AMP_634 1 0.540000
AMP_635 0 0.480000
AMP_636 0 0.470000
AMP_637 1 0.510000
AMP_638 0 0.470000
AMP_639 1 0.580000
AMP_640 1 0.530000
AMP_641 0 0.460000
AMP_642 0 0.430000
AMP_643 1 0.520000
AMP_644 0 0.460000
AMP_645 0 0.420000
AMP_646 0 0.450000
AMP_647 0 0.460000
AMP_648 0 0.480000
AMP_649 0 0.490000
AMP_650 0 0.480000
AMP_651 0 0.480000
AMP_652 0 0.410000
AMP_653 0 0.460000
AMP_654 0 0.400000
AMP_655 0 0.460000
AMP_656 0 0.460000
AMP_657 0 0.460000
AMP_658 0 0.460000
AMP_659 1 0.510000
AMP_660 0 0.450000
AMP_661 0 0.440000
AMP_662 0 0.450000
AMP_663 1 0.600000
AMP_664 0 0.460000
AMP_665 0 0.450000
AMP_666 0 0.480000
AMP_667 0 0.480000
AMP_668 0 0.460000
AMP_669 1 0.530000
AMP_670 0 0.480000
AMP_671 0 0.470000
AMP_672 0 0.470000
AMP_673 0 0.440000
AMP_674 1 0.510000
AMP_675 0 0.470000
AMP_676 0 0.410000
AMP_677 0 0.490000
AMP_678 0 0.490000
AMP_679 1 0.530000
AMP_680 1 0.510000
AMP_681 0 0.460000
AMP_682 0 0.480000
AMP_683 1 0.540000
AMP_684 0 0.480000
AMP_685 0 0.490000
AMP_686 0 0.480000
AMP_687 0 0.470000
AMP_688 0 0.450000
AMP_689 0 0.450000
AMP_690 1 0.580000
AMP_691 1 0.510000
AMP_692 1 0.500000
AMP_693 0 0.440000
AMP_694 0 0.470000
AMP_695 0 0.370000
AMP_696 0 0.430000
AMP_697 0 0.430000
AMP_698 0 0.490000
AMP_699 1 0.510000
AMP_700 0 0.480000
AMP_701 1 0.520000
AMP_702 0 0.490000
AMP_703 0 0.470000
AMP_704 0 0.480000
AMP_705 0 0.490000
AMP_706 0 0.490000
AMP_707 1 0.510000
AMP_708 0 0.490000
AMP_709 0 0.410000
AMP_710 0 0.450000
AMP_711 1 0.510000
AMP_712 0 0.460000
AMP_713 0 0.440000
AMP_714 0 0.460000
AMP_715 0 0.460000
AMP_716 0 0.480000
AMP_717 0 0.440000
AMP_718 0 0.410000
AMP_719 0 0.480000
AMP_720 0 0.470000
AMP_721 0 0.440000
AMP_722 0 0.450000
AMP_723 0 0.450000
AMP_724 0 0.460000
AMP_725 0 0.480000
AMP_726 1 0.550000
AMP_727 1 0.520000
AMP_728 1 0.530000
AMP_729 0 0.430000
AMP_730 1 0.550000
AMP_731 0 0.400000
AMP_732 1 0.560000
AMP_733 0 0.480000
AMP_734 0 0.480000
AMP_735 0 0.450000
AMP_736 1 0.600000
AMP_737 0 0.430000
AMP_738 1 0.530000
AMP_739 1 0.500000
AMP_740 1 0.570000
AMP_741 0 0.440000
AMP_742 1 0.510000
AMP_743 1 0.570000
AMP_744 1 0.570000
AMP_745 0 0.450000
AMP_746 0 0.460000
AMP_747 0 0.480000
AMP_748 0 0.480000
AMP_749 1 0.530000
AMP_750 0 0.440000
AMP_751 0 0.420000
AMP_752 0 0.470000
AMP_753 0 0.430000
AMP_754 1 0.510000
AMP_755 0 0.480000
AMP_756 0 0.480000
AMP_757 1 0.520000
AMP_758 1 0.510000
AMP_759 1 0.530000
AMP_760 1 0.550000
AMP_761 1 0.540000
AMP_762 1 0.520000
AMP_763 1 0.530000
AMP_764 0 0.480000
AMP_765 0 0.460000
AMP_766 0 0.450000
AMP_767 0 0.400000
AMP_768 0 0.480000
AMP_769 0 0.440000
AMP_770 0 0.460000
AMP_771 0 0.470000
AMP_772 1 0.500000
AMP_773 0 0.410000
AMP_774 0 0.470000
AMP_775 1 0.550000
AMP_776 0 0.380000
AMP_777 0 0.380000
AMP_778 1 0.560000
AMP_779 0 0.410000
AMP_780 1 0.530000
AMP_781 1 0.560000
AMP_782 0 0.460000
AMP_783 0 0.470000
AMP_784 0 0.480000
AMP_785 1 0.500000
AMP_786 1 0.500000
AMP_787 1 0.540000
AMP_788 1 0.510000
AMP_789 0 0.490000
AMP_790 1 0.500000
AMP_791 1 0.530000
AMP_792 0 0.490000
AMP_793 0 0.480000
AMP_794 0 0.460000
AMP_795 1 0.550000
AMP_796 1 0.540000
AMP_797 1 0.520000
AMP_798 1 0.540000
AMP_799 1 0.530000
AMP_800 0 0.450000
AMP_801 1 0.500000
AMP_802 1 0.510000
AMP_803 1 0.500000
AMP_804 1 0.560000
AMP_805 1 0.550000
AMP_806 1 0.550000
AMP_807 1 0.550000
AMP_808 1 0.550000
AMP_809 1 0.530000
AMP_810 1 0.520000
AMP_811 1 0.540000
AMP_812 1 0.520000
AMP_813 0 0.450000
AMP_814 0 0.490000
AMP_815 0 0.460000
AMP_816 0 0.460000
AMP_817 1 0.530000
AMP_818 0 0.440000
AMP_819 1 0.530000
AMP_820 1 0.510000
AMP_821 0 0.480000
AMP_822 0 0.480000
AMP_823 0 0.440000
AMP_824 0 0.460000
AMP_825 1 0.520000
AMP_826 0 0.460000
AMP_827 0 0.460000
AMP_828 0 0.480000
AMP_829 0 0.440000
AMP_830 1 0.550000
AMP_831 1 0.520000
AMP_832 0 0.400000
AMP_833 0 0.490000
AMP_834 0 0.470000
AMP_835 1 0.500000
AMP_836 0 0.480000
AMP_837 0 0.490000
AMP_838 0 0.490000
AMP_839 0 0.490000
AMP_840 0 0.480000
AMP_841 0 0.420000
AMP_842 0 0.410000
AMP_843 0 0.470000
AMP_844 1 0.510000
AMP_845 0 0.490000
AMP_846 1 0.520000
AMP_847 1 0.600000
AMP_848 1 0.560000
AMP_849 0 0.460000
AMP_850 1 0.540000
AMP_851 0 0.470000
AMP_852 1 0.520000
AMP_853 1 0.550000
AMP_854 1 0.520000
AMP_855 0 0.470000
AMP_856 1 0.500000
AMP_857 1 0.540000
AMP_858 1 0.510000
AMP_859 0 0.450000
AMP_860 0 0.420000
AMP_861 1 0.500000
AMP_862 1 0.530000
AMP_863 1 0.510000
AMP_864 1 0.530000
AMP_865 1 0.540000
AMP_866 1 0.550000
AMP_867 1 0.520000
AMP_868 1 0.520000
AMP_869 1 0.510000
AMP_870 1 0.520000
AMP_871 1 0.520000
AMP_872 1 0.530000
AMP_873 1 0.530000
AMP_874 1 0.520000
AMP_875 1 0.560000
AMP_876 1 0.550000
AMP_877 0 0.480000
AMP_878 1 0.520000
AMP_879 1 0.520000
AMP_880 1 0.530000
AMP_881 1 0.500000
AMP_882 0 0.400000
AMP_883 0 0.440000
AMP_884 1 0.510000
AMP_885 0 0.410000
AMP_886 0 0.400000
AMP_887 0 0.360000
AMP_888 0 0.310000
AMP_889 1 0.560000
AMP_890 0 0.470000
AMP_891 0 0.460000
AMP_892 0 0.440000
AMP_893 0 0.440000
AMP_894 1 0.570000
AMP_895 1 0.560000
AMP_896 1 0.580000
AMP_897 0 0.400000
AMP_898 1 0.520000
AMP_899 0 0.360000
AMP_900 1 0.500000
AMP_901 1 0.500000
AMP_902 0 0.490000
AMP_903 0 0.490000
AMP_904 0 0.490000
AMP_905 0 0.460000
AMP_906 0 0.470000
AMP_907 1 0.500000
AMP_908 1 0.600000
AMP_909 1 0.520000
AMP_910 1 0.520000
AMP_911 1 0.560000
AMP_912 1 0.510000
AMP_913 1 0.500000
AMP_914 1 0.510000
AMP_915 1 0.520000
AMP_916 1 0.530000
AMP_917 1 0.510000
AMP_918 0 0.470000
AMP_919 1 0.520000
AMP_920 0 0.410000
AMP_921 1 0.500000
AMP_922 1 0.510000
AMP_923 0 0.430000
AMP_924 0 0.460000
AMP_925 1 0.560000
AMP_926 1 0.560000
AMP_927 1 0.540000
AMP_928 0 0.400000
AMP_929 0 0.460000
AMP_930 0 0.450000
AMP_931 0 0.460000
AMP_932 1 0.570000
AMP_933 0 0.430000
AMP_934 1 0.510000
AMP_935 1 0.520000
AMP_936 1 0.530000
AMP_937 1 0.510000
AMP_938 1 0.550000
AMP_939 0 0.460000
AMP_940 1 0.570000
AMP_941 1 0.570000
AMP_942 1 0.510000
AMP_943 1 0.580000
AMP_944 1 0.580000
AMP_945 1 0.580000
AMP_946 1 0.560000
AMP_947 1 0.560000
AMP_948 1 0.560000
AMP_949 1 0.550000
AMP_950 1 0.540000
AMP_951 1 0.560000
AMP_952 1 0.530000
AMP_953 1 0.560000
AMP_954 1 0.510000
AMP_955 1 0.540000
AMP_956 1 0.560000
AMP_957 1 0.520000
AMP_958 1 0.550000
AMP_959 0 0.490000
AMP_960 1 0.510000
AMP_961 0 0.480000
AMP_962 0 0.430000
AMP_963 1 0.510000
AMP_964 1 0.550000
AMP_965 1 0.510000
AMP_966 0 0.470000
AMP_967 1 0.510000
AMP_968 0 0.490000
AMP_969 1 0.500000
AMP_970 0 0.440000
AMP_971 0 0.450000
AMP_972 0 0.470000
AMP_973 0 0.390000
AMP_974 1 0.520000
AMP_975 0 0.490000
AMP_976 0 0.490000
AMP_977 0 0.460000
AMP_978 0 0.480000
AMP_979 1 0.520000
AMP_980 1 0.530000
AMP_981 1 0.520000
AMP_982 0 0.470000
AMP_983 0 0.450000
AMP_984 0 0.460000
AMP_985 0 0.470000
AMP_986 1 0.560000
AMP_987 1 0.560000
AMP_988 0 0.480000
AMP_989 1 0.540000
AMP_990 1 0.540000
AMP_991 1 0.500000
AMP_992 0 0.290000
AMP_993 0 0.420000
AMP_994 1 0.510000
AMP_995 1 0.530000
AMP_996 1 0.550000
AMP_997 1 0.550000
AMP_998 1 0.540000
AMP_999 0 0.490000
AMP_1000 0 0.470000
