C-test-nonamp_1 1 0.570000
C-test-nonamp_2 1 0.570000
C-test-nonamp_3 1 0.600000
C-test-nonamp_4 1 0.580000
C-test-nonamp_5 1 0.550000
C-test-nonamp_6 1 0.570000
C-test-nonamp_7 1 0.550000
C-test-nonamp_8 1 0.560000
C-test-nonamp_9 1 0.560000
C-test-nonamp_10 1 0.550000
C-test-nonamp_11 1 0.590000
C-test-nonamp_12 1 0.590000
C-test-nonamp_13 1 0.610000
C-test-nonamp_14 1 0.630000
C-test-nonamp_15 1 0.600000
C-test-nonamp_16 1 0.620000
C-test-nonamp_17 1 0.580000
C-test-nonamp_18 1 0.540000
C-test-nonamp_19 1 0.540000
C-test-nonamp_20 1 0.540000
C-test-nonamp_21 1 0.540000
C-test-nonamp_22 1 0.560000
C-test-nonamp_23 1 0.550000
C-test-nonamp_24 1 0.600000
C-test-nonamp_25 1 0.570000
C-test-nonamp_26 1 0.530000
C-test-nonamp_27 0 0.460000
C-test-nonamp_28 1 0.550000
C-test-nonamp_29 0 0.250000
C-test-nonamp_30 0 0.290000
C-test-nonamp_31 1 0.570000
C-test-nonamp_32 1 0.600000
C-test-nonamp_33 0 0.230000
C-test-nonamp_34 1 0.540000
C-test-nonamp_35 1 0.550000
C-test-nonamp_36 0 0.430000
C-test-nonamp_37 0 0.490000
C-test-nonamp_38 1 0.520000
C-test-nonamp_39 0 0.470000
C-test-nonamp_40 1 0.530000
C-test-nonamp_41 1 0.500000
C-test-nonamp_42 1 0.520000
C-test-nonamp_43 0 0.480000
C-test-nonamp_44 1 0.520000
C-test-nonamp_45 1 0.530000
C-test-nonamp_46 1 0.530000
C-test-nonamp_47 1 0.530000
C-test-nonamp_48 1 0.540000
C-test-nonamp_49 1 0.520000
C-test-nonamp_50 1 0.510000
C-test-nonamp_51 1 0.500000
C-test-nonamp_52 1 0.550000
C-test-nonamp_53 1 0.550000
C-test-nonamp_54 1 0.550000
C-test-nonamp_55 0 0.490000
C-test-nonamp_56 0 0.460000
C-test-nonamp_57 1 0.570000
C-test-nonamp_58 1 0.510000
C-test-nonamp_59 1 0.500000
C-test-nonamp_60 1 0.520000
C-test-nonamp_61 1 0.530000
C-test-nonamp_62 1 0.530000
C-test-nonamp_63 1 0.540000
C-test-nonamp_64 1 0.510000
C-test-nonamp_65 0 0.140000
C-test-nonamp_66 1 0.520000
C-test-nonamp_67 1 0.530000
C-test-nonamp_68 1 0.560000
C-test-nonamp_69 1 0.530000
C-test-nonamp_70 1 0.570000
C-test-nonamp_71 1 0.570000
C-test-nonamp_72 1 0.570000
C-test-nonamp_73 1 0.520000
C-test-nonamp_74 1 0.520000
C-test-nonamp_75 0 0.440000
C-test-nonamp_76 0 0.490000
C-test-nonamp_77 1 0.520000
C-test-nonamp_78 1 0.550000
C-test-nonamp_79 1 0.530000
C-test-nonamp_80 0 0.350000
C-test-nonamp_81 0 0.370000
C-test-nonamp_82 0 0.370000
C-test-nonamp_83 0 0.370000
C-test-nonamp_84 0 0.350000
C-test-nonamp_85 0 0.350000
C-test-nonamp_86 1 0.500000
C-test-nonamp_87 1 0.500000
C-test-nonamp_88 1 0.500000
C-test-nonamp_89 0 0.350000
C-test-nonamp_90 1 0.550000
C-test-nonamp_91 1 0.590000
C-test-nonamp_92 1 0.570000
C-test-nonamp_93 1 0.550000
C-test-nonamp_94 0 0.210000
C-test-nonamp_95 0 0.490000
C-test-nonamp_96 0 0.450000
C-test-nonamp_97 0 0.480000
C-test-nonamp_98 0 0.470000
C-test-nonamp_99 1 0.500000
C-test-nonamp_100 0 0.470000
C-test-nonamp_101 1 0.540000
C-test-nonamp_102 1 0.520000
C-test-nonamp_103 1 0.550000
C-test-nonamp_104 1 0.590000
C-test-nonamp_105 1 0.570000
C-test-nonamp_106 1 0.570000
C-test-nonamp_107 1 0.550000
C-test-nonamp_108 1 0.550000
C-test-nonamp_109 1 0.580000
C-test-nonamp_110 1 0.570000
C-test-nonamp_111 1 0.590000
C-test-nonamp_112 1 0.580000
C-test-nonamp_113 1 0.620000
C-test-nonamp_114 1 0.600000
C-test-nonamp_115 1 0.610000
C-test-nonamp_116 1 0.610000
C-test-nonamp_117 1 0.610000
C-test-nonamp_118 1 0.620000
C-test-nonamp_119 1 0.540000
C-test-nonamp_120 1 0.510000
C-test-nonamp_121 0 0.270000
C-test-nonamp_122 0 0.240000
C-test-nonamp_123 1 0.570000
C-test-nonamp_124 1 0.570000
C-test-nonamp_125 1 0.570000
C-test-nonamp_126 1 0.560000
C-test-nonamp_127 1 0.560000
C-test-nonamp_128 1 0.550000
C-test-nonamp_129 1 0.580000
C-test-nonamp_130 1 0.520000
C-test-nonamp_131 1 0.540000
C-test-nonamp_132 1 0.510000
C-test-nonamp_133 0 0.470000
C-test-nonamp_134 1 0.560000
C-test-nonamp_135 1 0.530000
C-test-nonamp_136 1 0.550000
C-test-nonamp_137 0 0.480000
C-test-nonamp_138 1 0.580000
C-test-nonamp_139 1 0.500000
C-test-nonamp_140 0 0.460000
C-test-nonamp_141 1 0.500000
C-test-nonamp_142 0 0.480000
C-test-nonamp_143 0 0.470000
C-test-nonamp_144 0 0.490000
C-test-nonamp_145 1 0.540000
C-test-nonamp_146 0 0.360000
C-test-nonamp_147 0 0.290000
C-test-nonamp_148 0 0.300000
C-test-nonamp_149 0 0.300000
C-test-nonamp_150 1 0.520000
C-test-nonamp_151 1 0.550000
C-test-nonamp_152 1 0.540000
C-test-nonamp_153 1 0.560000
C-test-nonamp_154 1 0.580000
C-test-nonamp_155 1 0.530000
C-test-nonamp_156 1 0.540000
C-test-nonamp_157 1 0.540000
C-test-nonamp_158 1 0.530000
C-test-nonamp_159 1 0.530000
C-test-nonamp_160 1 0.510000
C-test-nonamp_161 1 0.590000
C-test-nonamp_162 1 0.570000
C-test-nonamp_163 1 0.570000
C-test-nonamp_164 1 0.580000
C-test-nonamp_165 1 0.570000
C-test-nonamp_166 1 0.500000
C-test-nonamp_167 0 0.430000
C-test-nonamp_168 1 0.540000
C-test-nonamp_169 1 0.570000
C-test-nonamp_170 1 0.540000
C-test-nonamp_171 1 0.590000
C-test-nonamp_172 1 0.590000
C-test-nonamp_173 1 0.550000
C-test-nonamp_174 0 0.490000
C-test-nonamp_175 1 0.500000
C-test-nonamp_176 1 0.540000
C-test-nonamp_177 1 0.500000
C-test-nonamp_178 1 0.520000
C-test-nonamp_179 1 0.540000
C-test-nonamp_180 1 0.520000
C-test-nonamp_181 1 0.500000
C-test-nonamp_182 1 0.500000
C-test-nonamp_183 1 0.500000
C-test-nonamp_184 1 0.500000
C-test-nonamp_185 1 0.540000
C-test-nonamp_186 1 0.560000
C-test-nonamp_187 1 0.580000
C-test-nonamp_188 0 0.440000
C-test-nonamp_189 1 0.510000
C-test-nonamp_190 0 0.470000
C-test-nonamp_191 1 0.540000
C-test-nonamp_192 0 0.420000
C-test-nonamp_193 0 0.490000
C-test-nonamp_194 1 0.550000
C-test-nonamp_195 1 0.510000
C-test-nonamp_196 0 0.480000
C-test-nonamp_197 0 0.480000
C-test-nonamp_198 0 0.480000
C-test-nonamp_199 0 0.310000
C-test-nonamp_200 1 0.550000
C-test-nonamp_201 1 0.540000
C-test-nonamp_202 1 0.510000
C-test-nonamp_203 1 0.510000
C-test-nonamp_204 1 0.520000
C-test-nonamp_205 0 0.490000
C-test-nonamp_206 1 0.510000
C-test-nonamp_207 1 0.510000
C-test-nonamp_208 1 0.530000
C-test-nonamp_209 1 0.550000
C-test-nonamp_210 1 0.550000
C-test-nonamp_211 1 0.560000
C-test-nonamp_212 1 0.540000
C-test-nonamp_213 1 0.540000
C-test-nonamp_214 1 0.540000
C-test-nonamp_215 1 0.560000
C-test-nonamp_216 0 0.480000
C-test-nonamp_217 1 0.560000
C-test-nonamp_218 1 0.560000
C-test-nonamp_219 1 0.530000
C-test-nonamp_220 0 0.450000
C-test-nonamp_221 0 0.470000
C-test-nonamp_222 1 0.510000
C-test-nonamp_223 0 0.470000
C-test-nonamp_224 1 0.530000
C-test-nonamp_225 1 0.580000
C-test-nonamp_226 1 0.580000
C-test-nonamp_227 1 0.580000
C-test-nonamp_228 1 0.580000
C-test-nonamp_229 1 0.580000
C-test-nonamp_230 0 0.490000
C-test-nonamp_231 1 0.540000
C-test-nonamp_232 1 0.520000
C-test-nonamp_233 1 0.540000
C-test-nonamp_234 1 0.530000
C-test-nonamp_235 1 0.540000
C-test-nonamp_236 1 0.540000
C-test-nonamp_237 1 0.540000
C-test-nonamp_238 1 0.540000
C-test-nonamp_239 1 0.530000
C-test-nonamp_240 1 0.520000
C-test-nonamp_241 1 0.530000
C-test-nonamp_242 1 0.530000
C-test-nonamp_243 1 0.530000
C-test-nonamp_244 1 0.570000
C-test-nonamp_245 1 0.610000
C-test-nonamp_246 0 0.300000
C-test-nonamp_247 0 0.190000
C-test-nonamp_248 0 0.230000
C-test-nonamp_249 0 0.290000
C-test-nonamp_250 1 0.520000
C-test-nonamp_251 1 0.510000
C-test-nonamp_252 0 0.240000
C-test-nonamp_253 1 0.530000
C-test-nonamp_254 1 0.520000
C-test-nonamp_255 1 0.540000
C-test-nonamp_256 0 0.260000
C-test-nonamp_257 0 0.350000
C-test-nonamp_258 0 0.350000
C-test-nonamp_259 0 0.390000
C-test-nonamp_260 0 0.250000
C-test-nonamp_261 0 0.240000
C-test-nonamp_262 0 0.340000
C-test-nonamp_263 0 0.260000
C-test-nonamp_264 0 0.350000
C-test-nonamp_265 1 0.500000
C-test-nonamp_266 1 0.500000
C-test-nonamp_267 1 0.560000
C-test-nonamp_268 1 0.570000
C-test-nonamp_269 1 0.610000
C-test-nonamp_270 1 0.600000
C-test-nonamp_271 1 0.550000
C-test-nonamp_272 1 0.560000
C-test-nonamp_273 1 0.560000
C-test-nonamp_274 1 0.570000
C-test-nonamp_275 1 0.590000
C-test-nonamp_276 1 0.570000
C-test-nonamp_277 1 0.550000
C-test-nonamp_278 1 0.590000
C-test-nonamp_279 1 0.590000
C-test-nonamp_280 1 0.560000
C-test-nonamp_281 1 0.590000
C-test-nonamp_282 1 0.530000
C-test-nonamp_283 1 0.520000
C-test-nonamp_284 1 0.550000
C-test-nonamp_285 1 0.580000
C-test-nonamp_286 1 0.550000
C-test-nonamp_287 1 0.560000
C-test-nonamp_288 1 0.590000
C-test-nonamp_289 1 0.580000
C-test-nonamp_290 1 0.580000
C-test-nonamp_291 1 0.560000
C-test-nonamp_292 1 0.520000
C-test-nonamp_293 1 0.550000
C-test-nonamp_294 1 0.570000
C-test-nonamp_295 1 0.540000
C-test-nonamp_296 1 0.540000
C-test-nonamp_297 1 0.560000
C-test-nonamp_298 1 0.580000
C-test-nonamp_299 1 0.580000
C-test-nonamp_300 1 0.580000
C-test-nonamp_301 1 0.580000
C-test-nonamp_302 1 0.520000
C-test-nonamp_303 1 0.550000
C-test-nonamp_304 1 0.560000
C-test-nonamp_305 1 0.540000
C-test-nonamp_306 1 0.560000
C-test-nonamp_307 1 0.610000
C-test-nonamp_308 1 0.570000
C-test-nonamp_309 1 0.550000
C-test-nonamp_310 1 0.560000
C-test-nonamp_311 1 0.550000
C-test-nonamp_312 1 0.560000
C-test-nonamp_313 1 0.570000
C-test-nonamp_314 1 0.590000
C-test-nonamp_315 1 0.580000
C-test-nonamp_316 1 0.570000
C-test-nonamp_317 1 0.580000
C-test-nonamp_318 1 0.600000
C-test-nonamp_319 1 0.580000
C-test-nonamp_320 1 0.620000
C-test-nonamp_321 1 0.600000
C-test-nonamp_322 1 0.590000
C-test-nonamp_323 1 0.600000
C-test-nonamp_324 1 0.610000
C-test-nonamp_325 1 0.540000
C-test-nonamp_326 1 0.600000
C-test-nonamp_327 1 0.510000
C-test-nonamp_328 1 0.560000
C-test-nonamp_329 1 0.570000
C-test-nonamp_330 1 0.570000
C-test-nonamp_331 1 0.570000
C-test-nonamp_332 1 0.540000
C-test-nonamp_333 1 0.560000
C-test-nonamp_334 1 0.550000
C-test-nonamp_335 1 0.520000
C-test-nonamp_336 1 0.520000
C-test-nonamp_337 1 0.520000
C-test-nonamp_338 1 0.510000
C-test-nonamp_339 1 0.540000
C-test-nonamp_340 1 0.590000
C-test-nonamp_341 1 0.560000
C-test-nonamp_342 1 0.540000
C-test-nonamp_343 1 0.550000
C-test-nonamp_344 1 0.560000
C-test-nonamp_345 1 0.520000
C-test-nonamp_346 1 0.530000
C-test-nonamp_347 1 0.580000
C-test-nonamp_348 1 0.600000
C-test-nonamp_349 1 0.520000
C-test-nonamp_350 1 0.540000
C-test-nonamp_351 1 0.500000
C-test-nonamp_352 1 0.540000
C-test-nonamp_353 1 0.510000
C-test-nonamp_354 1 0.520000
C-test-nonamp_355 1 0.510000
C-test-nonamp_356 1 0.520000
C-test-nonamp_357 0 0.490000
C-test-nonamp_358 0 0.490000
C-test-nonamp_359 1 0.500000
C-test-nonamp_360 1 0.510000
C-test-nonamp_361 0 0.490000
C-test-nonamp_362 1 0.510000
C-test-nonamp_363 1 0.510000
C-test-nonamp_364 1 0.510000
C-test-nonamp_365 0 0.490000
C-test-nonamp_366 1 0.570000
C-test-nonamp_367 1 0.570000
C-test-nonamp_368 1 0.520000
C-test-nonamp_369 1 0.520000
C-test-nonamp_370 1 0.520000
C-test-nonamp_371 1 0.520000
C-test-nonamp_372 1 0.530000
C-test-nonamp_373 1 0.530000
C-test-nonamp_374 1 0.520000
C-test-nonamp_375 1 0.510000
C-test-nonamp_376 1 0.510000
C-test-nonamp_377 0 0.470000
C-test-nonamp_378 1 0.520000
C-test-nonamp_379 1 0.530000
C-test-nonamp_380 0 0.490000
C-test-nonamp_381 1 0.540000
C-test-nonamp_382 1 0.500000
C-test-nonamp_383 1 0.510000
C-test-nonamp_384 1 0.500000
C-test-nonamp_385 1 0.500000
C-test-nonamp_386 1 0.500000
C-test-nonamp_387 0 0.480000
C-test-nonamp_388 1 0.580000
C-test-nonamp_389 1 0.600000
C-test-nonamp_390 1 0.550000
C-test-nonamp_391 0 0.480000
C-test-nonamp_392 1 0.570000
C-test-nonamp_393 1 0.590000
C-test-nonamp_394 1 0.500000
C-test-nonamp_395 0 0.460000
C-test-nonamp_396 0 0.490000
C-test-nonamp_397 0 0.480000
C-test-nonamp_398 1 0.500000
C-test-nonamp_399 1 0.530000
C-test-nonamp_400 1 0.520000
C-test-nonamp_401 1 0.560000
C-test-nonamp_402 1 0.580000
C-test-nonamp_403 1 0.500000
C-test-nonamp_404 1 0.500000
C-test-nonamp_405 1 0.550000
C-test-nonamp_406 1 0.530000
C-test-nonamp_407 0 0.480000
C-test-nonamp_408 1 0.560000
C-test-nonamp_409 1 0.500000
C-test-nonamp_410 1 0.550000
C-test-nonamp_411 0 0.240000
C-test-nonamp_412 0 0.240000
C-test-nonamp_413 0 0.240000
C-test-nonamp_414 0 0.240000
C-test-nonamp_415 0 0.230000
C-test-nonamp_416 0 0.230000
C-test-nonamp_417 0 0.240000
C-test-nonamp_418 0 0.240000
C-test-nonamp_419 0 0.240000
C-test-nonamp_420 0 0.230000
C-test-nonamp_421 0 0.240000
C-test-nonamp_422 0 0.320000
C-test-nonamp_423 0 0.330000
C-test-nonamp_424 0 0.240000
C-test-nonamp_425 0 0.240000
C-test-nonamp_426 0 0.240000
C-test-nonamp_427 0 0.240000
C-test-nonamp_428 0 0.240000
C-test-nonamp_429 0 0.230000
C-test-nonamp_430 0 0.240000
C-test-nonamp_431 0 0.240000
C-test-nonamp_432 0 0.240000
C-test-nonamp_433 0 0.230000
C-test-nonamp_434 0 0.230000
C-test-nonamp_435 0 0.230000
C-test-nonamp_436 1 0.530000
C-test-nonamp_437 1 0.560000
C-test-nonamp_438 1 0.570000
C-test-nonamp_439 1 0.520000
C-test-nonamp_440 1 0.530000
C-test-nonamp_441 1 0.530000
C-test-nonamp_442 0 0.320000
C-test-nonamp_443 1 0.520000
C-test-nonamp_444 1 0.560000
C-test-nonamp_445 1 0.520000
C-test-nonamp_446 1 0.550000
C-test-nonamp_447 1 0.530000
C-test-nonamp_448 1 0.540000
C-test-nonamp_449 0 0.480000
C-test-nonamp_450 0 0.490000
C-test-nonamp_451 1 0.550000
C-test-nonamp_452 0 0.320000
C-test-nonamp_453 1 0.510000
C-test-nonamp_454 0 0.470000
C-test-nonamp_455 1 0.500000
C-test-nonamp_456 0 0.490000
C-test-nonamp_457 1 0.500000
C-test-nonamp_458 0 0.490000
C-test-nonamp_459 1 0.500000
C-test-nonamp_460 0 0.490000
C-test-nonamp_461 0 0.450000
C-test-nonamp_462 0 0.450000
C-test-nonamp_463 0 0.470000
C-test-nonamp_464 0 0.490000
C-test-nonamp_465 0 0.440000
C-test-nonamp_466 0 0.310000
C-test-nonamp_467 0 0.480000
C-test-nonamp_468 0 0.450000
C-test-nonamp_469 1 0.580000
C-test-nonamp_470 1 0.590000
C-test-nonamp_471 1 0.570000
C-test-nonamp_472 1 0.580000
C-test-nonamp_473 0 0.440000
C-test-nonamp_474 0 0.410000
C-test-nonamp_475 0 0.320000
C-test-nonamp_476 0 0.370000
C-test-nonamp_477 1 0.560000
C-test-nonamp_478 1 0.530000
C-test-nonamp_479 1 0.530000
C-test-nonamp_480 1 0.560000
C-test-nonamp_481 1 0.550000
C-test-nonamp_482 1 0.610000
C-test-nonamp_483 1 0.610000
C-test-nonamp_484 1 0.570000
C-test-nonamp_485 1 0.560000
C-test-nonamp_486 0 0.470000
C-test-nonamp_487 1 0.560000
C-test-nonamp_488 1 0.550000
C-test-nonamp_489 1 0.530000
C-test-nonamp_490 0 0.490000
C-test-nonamp_491 0 0.430000
C-test-nonamp_492 0 0.470000
C-test-nonamp_493 1 0.550000
C-test-nonamp_494 0 0.360000
C-test-nonamp_495 0 0.360000
C-test-nonamp_496 1 0.570000
C-test-nonamp_497 1 0.560000
C-test-nonamp_498 1 0.600000
C-test-nonamp_499 1 0.540000
C-test-nonamp_500 1 0.600000
C-test-nonamp_501 1 0.640000
C-test-nonamp_502 1 0.550000
C-test-nonamp_503 1 0.510000
C-test-nonamp_504 1 0.500000
C-test-nonamp_505 1 0.520000
C-test-nonamp_506 1 0.570000
C-test-nonamp_507 0 0.320000
C-test-nonamp_508 1 0.520000
C-test-nonamp_509 1 0.520000
C-test-nonamp_510 0 0.340000
C-test-nonamp_511 0 0.170000
C-test-nonamp_512 1 0.540000
C-test-nonamp_513 1 0.570000
C-test-nonamp_514 1 0.510000
C-test-nonamp_515 1 0.530000
C-test-nonamp_516 1 0.540000
C-test-nonamp_517 1 0.520000
C-test-nonamp_518 0 0.470000
C-test-nonamp_519 1 0.510000
C-test-nonamp_520 1 0.500000
C-test-nonamp_521 1 0.560000
C-test-nonamp_522 1 0.550000
C-test-nonamp_523 1 0.600000
C-test-nonamp_524 1 0.590000
C-test-nonamp_525 1 0.560000
C-test-nonamp_526 1 0.520000
C-test-nonamp_527 1 0.520000
C-test-nonamp_528 1 0.590000
C-test-nonamp_529 1 0.510000
C-test-nonamp_530 0 0.310000
C-test-nonamp_531 0 0.300000
C-test-nonamp_532 0 0.300000
C-test-nonamp_533 0 0.300000
C-test-nonamp_534 0 0.300000
C-test-nonamp_535 1 0.570000
C-test-nonamp_536 1 0.560000
C-test-nonamp_537 1 0.570000
C-test-nonamp_538 1 0.560000
C-test-nonamp_539 1 0.550000
C-test-nonamp_540 1 0.550000
C-test-nonamp_541 1 0.540000
C-test-nonamp_542 0 0.490000
C-test-nonamp_543 1 0.560000
C-test-nonamp_544 1 0.570000
C-test-nonamp_545 1 0.500000
C-test-nonamp_546 1 0.500000
C-test-nonamp_547 1 0.520000
C-test-nonamp_548 1 0.520000
C-test-nonamp_549 1 0.500000
C-test-nonamp_550 0 0.470000
C-test-nonamp_551 0 0.490000
C-test-nonamp_552 0 0.460000
C-test-nonamp_553 0 0.490000
C-test-nonamp_554 1 0.500000
C-test-nonamp_555 0 0.460000
C-test-nonamp_556 0 0.450000
C-test-nonamp_557 0 0.460000
C-test-nonamp_558 0 0.360000
C-test-nonamp_559 0 0.410000
C-test-nonamp_560 0 0.470000
C-test-nonamp_561 0 0.470000
C-test-nonamp_562 1 0.510000
C-test-nonamp_563 1 0.530000
C-test-nonamp_564 1 0.510000
C-test-nonamp_565 1 0.510000
C-test-nonamp_566 0 0.470000
C-test-nonamp_567 1 0.500000
C-test-nonamp_568 1 0.510000
C-test-nonamp_569 1 0.510000
C-test-nonamp_570 1 0.500000
C-test-nonamp_571 0 0.280000
C-test-nonamp_572 0 0.330000
C-test-nonamp_573 0 0.290000
C-test-nonamp_574 0 0.320000
C-test-nonamp_575 0 0.310000
C-test-nonamp_576 0 0.300000
C-test-nonamp_577 0 0.370000
C-test-nonamp_578 0 0.250000
C-test-nonamp_579 0 0.300000
C-test-nonamp_580 0 0.470000
C-test-nonamp_581 1 0.560000
C-test-nonamp_582 1 0.590000
C-test-nonamp_583 1 0.520000
C-test-nonamp_584 0 0.460000
C-test-nonamp_585 1 0.530000
C-test-nonamp_586 0 0.200000
C-test-nonamp_587 0 0.450000
C-test-nonamp_588 0 0.490000
C-test-nonamp_589 1 0.560000
C-test-nonamp_590 0 0.480000
C-test-nonamp_591 0 0.490000
C-test-nonamp_592 1 0.510000
C-test-nonamp_593 0 0.490000
C-test-nonamp_594 1 0.520000
C-test-nonamp_595 0 0.470000
C-test-nonamp_596 0 0.460000
C-test-nonamp_597 1 0.530000
C-test-nonamp_598 0 0.450000
C-test-nonamp_599 1 0.500000
C-test-nonamp_600 0 0.480000
C-test-nonamp_601 0 0.470000
C-test-nonamp_602 0 0.470000
C-test-nonamp_603 1 0.500000
C-test-nonamp_604 1 0.510000
C-test-nonamp_605 0 0.470000
C-test-nonamp_606 0 0.480000
C-test-nonamp_607 0 0.470000
C-test-nonamp_608 0 0.490000
C-test-nonamp_609 0 0.430000
C-test-nonamp_610 1 0.590000
C-test-nonamp_611 1 0.580000
C-test-nonamp_612 1 0.580000
C-test-nonamp_613 1 0.580000
C-test-nonamp_614 0 0.490000
C-test-nonamp_615 1 0.540000
C-test-nonamp_616 1 0.580000
C-test-nonamp_617 0 0.490000
C-test-nonamp_618 1 0.580000
C-test-nonamp_619 1 0.590000
C-test-nonamp_620 1 0.560000
C-test-nonamp_621 1 0.580000
C-test-nonamp_622 1 0.560000
C-test-nonamp_623 1 0.560000
C-test-nonamp_624 1 0.590000
C-test-nonamp_625 1 0.560000
C-test-nonamp_626 0 0.440000
C-test-nonamp_627 1 0.550000
C-test-nonamp_628 1 0.570000
C-test-nonamp_629 0 0.460000
C-test-nonamp_630 0 0.460000
C-test-nonamp_631 1 0.600000
C-test-nonamp_632 1 0.600000
C-test-nonamp_633 1 0.600000
C-test-nonamp_634 1 0.560000
C-test-nonamp_635 1 0.600000
C-test-nonamp_636 1 0.550000
C-test-nonamp_637 1 0.530000
C-test-nonamp_638 1 0.530000
C-test-nonamp_639 1 0.550000
C-test-nonamp_640 1 0.590000
C-test-nonamp_641 1 0.590000
C-test-nonamp_642 1 0.550000
C-test-nonamp_643 1 0.560000
C-test-nonamp_644 1 0.560000
C-test-nonamp_645 1 0.520000
C-test-nonamp_646 0 0.430000
C-test-nonamp_647 0 0.430000
C-test-nonamp_648 0 0.470000
C-test-nonamp_649 0 0.480000
C-test-nonamp_650 1 0.500000
C-test-nonamp_651 1 0.510000
C-test-nonamp_652 1 0.530000
C-test-nonamp_653 0 0.310000
C-test-nonamp_654 1 0.580000
C-test-nonamp_655 1 0.550000
C-test-nonamp_656 1 0.610000
C-test-nonamp_657 1 0.530000
C-test-nonamp_658 1 0.550000
C-test-nonamp_659 1 0.580000
C-test-nonamp_660 1 0.600000
C-test-nonamp_661 1 0.600000
C-test-nonamp_662 1 0.520000
C-test-nonamp_663 1 0.590000
C-test-nonamp_664 1 0.520000
C-test-nonamp_665 0 0.490000
C-test-nonamp_666 0 0.490000
C-test-nonamp_667 1 0.540000
C-test-nonamp_668 1 0.510000
C-test-nonamp_669 1 0.500000
C-test-nonamp_670 1 0.540000
C-test-nonamp_671 1 0.570000
C-test-nonamp_672 1 0.530000
C-test-nonamp_673 0 0.120000
C-test-nonamp_674 0 0.160000
C-test-nonamp_675 0 0.140000
C-test-nonamp_676 0 0.250000
C-test-nonamp_677 1 0.610000
C-test-nonamp_678 1 0.570000
C-test-nonamp_679 1 0.580000
C-test-nonamp_680 1 0.550000
C-test-nonamp_681 1 0.580000
C-test-nonamp_682 1 0.520000
C-test-nonamp_683 1 0.580000
C-test-nonamp_684 1 0.540000
C-test-nonamp_685 1 0.530000
C-test-nonamp_686 1 0.530000
C-test-nonamp_687 1 0.540000
C-test-nonamp_688 1 0.540000
C-test-nonamp_689 1 0.540000
C-test-nonamp_690 1 0.590000
C-test-nonamp_691 1 0.590000
C-test-nonamp_692 1 0.560000
C-test-nonamp_693 1 0.580000
C-test-nonamp_694 1 0.590000
C-test-nonamp_695 1 0.590000
C-test-nonamp_696 1 0.560000
C-test-nonamp_697 1 0.570000
C-test-nonamp_698 1 0.550000
C-test-nonamp_699 1 0.570000
C-test-nonamp_700 1 0.560000
C-test-nonamp_701 1 0.520000
C-test-nonamp_702 1 0.560000
C-test-nonamp_703 1 0.580000
C-test-nonamp_704 1 0.600000
C-test-nonamp_705 1 0.600000
C-test-nonamp_706 1 0.600000
C-test-nonamp_707 0 0.490000
C-test-nonamp_708 0 0.490000
C-test-nonamp_709 1 0.510000
C-test-nonamp_710 1 0.560000
C-test-nonamp_711 1 0.550000
C-test-nonamp_712 1 0.530000
C-test-nonamp_713 1 0.550000
C-test-nonamp_714 1 0.540000
C-test-nonamp_715 1 0.550000
C-test-nonamp_716 1 0.540000
C-test-nonamp_717 1 0.510000
C-test-nonamp_718 1 0.530000
C-test-nonamp_719 1 0.520000
C-test-nonamp_720 1 0.550000
C-test-nonamp_721 1 0.590000
C-test-nonamp_722 1 0.530000
C-test-nonamp_723 1 0.600000
C-test-nonamp_724 1 0.600000
C-test-nonamp_725 1 0.580000
C-test-nonamp_726 1 0.550000
C-test-nonamp_727 1 0.580000
C-test-nonamp_728 1 0.610000
C-test-nonamp_729 1 0.550000
C-test-nonamp_730 1 0.550000
C-test-nonamp_731 0 0.490000
C-test-nonamp_732 1 0.540000
C-test-nonamp_733 1 0.540000
C-test-nonamp_734 1 0.540000
C-test-nonamp_735 1 0.520000
C-test-nonamp_736 1 0.550000
C-test-nonamp_737 1 0.570000
C-test-nonamp_738 1 0.570000
C-test-nonamp_739 1 0.570000
C-test-nonamp_740 1 0.590000
C-test-nonamp_741 1 0.530000
C-test-nonamp_742 1 0.530000
C-test-nonamp_743 1 0.540000
C-test-nonamp_744 1 0.540000
C-test-nonamp_745 1 0.560000
C-test-nonamp_746 1 0.560000
C-test-nonamp_747 1 0.530000
C-test-nonamp_748 1 0.560000
C-test-nonamp_749 1 0.590000
C-test-nonamp_750 1 0.610000
C-test-nonamp_751 1 0.590000
C-test-nonamp_752 1 0.580000
C-test-nonamp_753 1 0.560000
C-test-nonamp_754 1 0.570000
C-test-nonamp_755 1 0.540000
C-test-nonamp_756 1 0.540000
C-test-nonamp_757 1 0.560000
C-test-nonamp_758 1 0.530000
C-test-nonamp_759 1 0.570000
C-test-nonamp_760 1 0.550000
C-test-nonamp_761 1 0.550000
C-test-nonamp_762 1 0.550000
C-test-nonamp_763 1 0.620000
C-test-nonamp_764 1 0.570000
C-test-nonamp_765 1 0.540000
C-test-nonamp_766 1 0.540000
C-test-nonamp_767 1 0.580000
C-test-nonamp_768 1 0.560000
C-test-nonamp_769 1 0.500000
C-test-nonamp_770 1 0.600000
C-test-nonamp_771 1 0.600000
C-test-nonamp_772 1 0.570000
C-test-nonamp_773 1 0.610000
C-test-nonamp_774 1 0.610000
C-test-nonamp_775 1 0.570000
C-test-nonamp_776 1 0.600000
C-test-nonamp_777 1 0.560000
C-test-nonamp_778 1 0.560000
C-test-nonamp_779 1 0.580000
C-test-nonamp_780 1 0.550000
C-test-nonamp_781 1 0.570000
C-test-nonamp_782 1 0.550000
C-test-nonamp_783 1 0.550000
C-test-nonamp_784 1 0.580000
C-test-nonamp_785 1 0.580000
C-test-nonamp_786 1 0.600000
C-test-nonamp_787 1 0.580000
C-test-nonamp_788 1 0.640000
C-test-nonamp_789 1 0.590000
C-test-nonamp_790 1 0.600000
C-test-nonamp_791 1 0.610000
C-test-nonamp_792 1 0.610000
C-test-nonamp_793 1 0.560000
C-test-nonamp_794 1 0.570000
C-test-nonamp_795 1 0.600000
C-test-nonamp_796 1 0.530000
C-test-nonamp_797 1 0.560000
C-test-nonamp_798 1 0.560000
C-test-nonamp_799 1 0.580000
C-test-nonamp_800 1 0.550000
C-test-nonamp_801 1 0.530000
C-test-nonamp_802 1 0.530000
C-test-nonamp_803 1 0.560000
C-test-nonamp_804 1 0.540000
C-test-nonamp_805 1 0.540000
C-test-nonamp_806 1 0.560000
C-test-nonamp_807 1 0.520000
C-test-nonamp_808 1 0.510000
C-test-nonamp_809 1 0.570000
C-test-nonamp_810 1 0.560000
C-test-nonamp_811 1 0.570000
C-test-nonamp_812 1 0.560000
C-test-nonamp_813 1 0.510000
C-test-nonamp_814 1 0.510000
C-test-nonamp_815 1 0.520000
C-test-nonamp_816 1 0.600000
C-test-nonamp_817 1 0.530000
C-test-nonamp_818 1 0.550000
C-test-nonamp_819 0 0.290000
C-test-nonamp_820 1 0.550000
C-test-nonamp_821 1 0.520000
C-test-nonamp_822 1 0.530000
C-test-nonamp_823 1 0.520000
C-test-nonamp_824 1 0.520000
C-test-nonamp_825 1 0.530000
C-test-nonamp_826 1 0.550000
C-test-nonamp_827 1 0.520000
C-test-nonamp_828 1 0.520000
C-test-nonamp_829 1 0.520000
C-test-nonamp_830 1 0.540000
C-test-nonamp_831 1 0.550000
C-test-nonamp_832 1 0.570000
C-test-nonamp_833 1 0.530000
C-test-nonamp_834 0 0.490000
C-test-nonamp_835 0 0.490000
C-test-nonamp_836 1 0.550000
C-test-nonamp_837 1 0.580000
C-test-nonamp_838 1 0.550000
C-test-nonamp_839 1 0.590000
C-test-nonamp_840 1 0.570000
C-test-nonamp_841 1 0.520000
C-test-nonamp_842 1 0.510000
C-test-nonamp_843 1 0.520000
C-test-nonamp_844 1 0.530000
C-test-nonamp_845 1 0.520000
C-test-nonamp_846 1 0.530000
C-test-nonamp_847 0 0.490000
C-test-nonamp_848 0 0.490000
C-test-nonamp_849 1 0.500000
C-test-nonamp_850 0 0.360000
C-test-nonamp_851 0 0.390000
C-test-nonamp_852 0 0.480000
C-test-nonamp_853 0 0.480000
C-test-nonamp_854 1 0.560000
C-test-nonamp_855 1 0.620000
C-test-nonamp_856 1 0.630000
C-test-nonamp_857 1 0.550000
C-test-nonamp_858 1 0.530000
C-test-nonamp_859 1 0.530000
C-test-nonamp_860 1 0.530000
C-test-nonamp_861 0 0.190000
C-test-nonamp_862 1 0.560000
C-test-nonamp_863 1 0.550000
C-test-nonamp_864 1 0.540000
C-test-nonamp_865 1 0.530000
C-test-nonamp_866 1 0.540000
C-test-nonamp_867 0 0.490000
C-test-nonamp_868 0 0.480000
C-test-nonamp_869 1 0.540000
C-test-nonamp_870 1 0.570000
C-test-nonamp_871 1 0.550000
C-test-nonamp_872 1 0.560000
C-test-nonamp_873 1 0.590000
C-test-nonamp_874 1 0.570000
C-test-nonamp_875 1 0.560000
C-test-nonamp_876 0 0.490000
C-test-nonamp_877 0 0.450000
C-test-nonamp_878 0 0.450000
C-test-nonamp_879 1 0.540000
C-test-nonamp_880 1 0.550000
C-test-nonamp_881 1 0.550000
C-test-nonamp_882 1 0.560000
C-test-nonamp_883 1 0.610000
C-test-nonamp_884 1 0.530000
C-test-nonamp_885 1 0.540000
C-test-nonamp_886 1 0.530000
C-test-nonamp_887 1 0.520000
C-test-nonamp_888 0 0.490000
C-test-nonamp_889 0 0.480000
C-test-nonamp_890 0 0.480000
C-test-nonamp_891 0 0.490000
C-test-nonamp_892 0 0.430000
C-test-nonamp_893 0 0.350000
C-test-nonamp_894 1 0.530000
C-test-nonamp_895 1 0.620000
C-test-nonamp_896 1 0.620000
C-test-nonamp_897 1 0.590000
C-test-nonamp_898 1 0.580000
C-test-nonamp_899 1 0.570000
C-test-nonamp_900 1 0.570000
C-test-nonamp_901 1 0.550000
C-test-nonamp_902 1 0.530000
C-test-nonamp_903 1 0.550000
C-test-nonamp_904 1 0.590000
C-test-nonamp_905 1 0.580000
C-test-nonamp_906 1 0.580000
C-test-nonamp_907 1 0.540000
C-test-nonamp_908 1 0.590000
C-test-nonamp_909 1 0.550000
C-test-nonamp_910 1 0.540000
C-test-nonamp_911 1 0.540000
C-test-nonamp_912 1 0.520000
C-test-nonamp_913 0 0.490000
C-test-nonamp_914 0 0.490000
C-test-nonamp_915 1 0.530000
C-test-nonamp_916 1 0.520000
C-test-nonamp_917 1 0.580000
C-test-nonamp_918 1 0.600000
C-test-nonamp_919 0 0.420000
C-test-nonamp_920 1 0.610000
